mode: set
github.com/kyma-incubator/compass/components/director/internal/open_resource_discovery/validation.go:185.64,187.85 1 1
github.com/kyma-incubator/compass/components/director/internal/open_resource_discovery/validation.go:187.85,189.4 1 1
github.com/kyma-incubator/compass/components/director/internal/open_resource_discovery/validation.go:196.49,198.2 1 1
github.com/kyma-incubator/compass/components/director/internal/open_resource_discovery/validation.go:200.134,207.150 1 1
github.com/kyma-incubator/compass/components/director/internal/open_resource_discovery/validation.go:207.150,209.4 1 1
github.com/kyma-incubator/compass/components/director/internal/open_resource_discovery/validation.go:215.106,217.4 1 1
github.com/kyma-incubator/compass/components/director/internal/open_resource_discovery/validation.go:218.75,220.4 1 1
github.com/kyma-incubator/compass/components/director/internal/open_resource_discovery/validation.go:222.80,224.4 1 1
github.com/kyma-incubator/compass/components/director/internal/open_resource_discovery/validation.go:226.48,227.45 1 1
github.com/kyma-incubator/compass/components/director/internal/open_resource_discovery/validation.go:230.5,230.76 1 1
github.com/kyma-incubator/compass/components/director/internal/open_resource_discovery/validation.go:227.45,229.6 1 1
github.com/kyma-incubator/compass/components/director/internal/open_resource_discovery/validation.go:232.48,234.5 1 1
github.com/kyma-incubator/compass/components/director/internal/open_resource_discovery/validation.go:237.48,238.45 1 1
github.com/kyma-incubator/compass/components/director/internal/open_resource_discovery/validation.go:241.5,241.70 1 1
github.com/kyma-incubator/compass/components/director/internal/open_resource_discovery/validation.go:238.45,240.6 1 1
github.com/kyma-incubator/compass/components/director/internal/open_resource_discovery/validation.go:243.48,245.5 1 1
github.com/kyma-incubator/compass/components/director/internal/open_resource_discovery/validation.go:251.63,259.100 1 1
github.com/kyma-incubator/compass/components/director/internal/open_resource_discovery/validation.go:259.100,269.4 1 1
github.com/kyma-incubator/compass/components/director/internal/open_resource_discovery/validation.go:270.86,272.4 1 1
github.com/kyma-incubator/compass/components/director/internal/open_resource_discovery/validation.go:277.172,283.161 1 1
github.com/kyma-incubator/compass/components/director/internal/open_resource_discovery/validation.go:283.161,285.4 1 1
github.com/kyma-incubator/compass/components/director/internal/open_resource_discovery/validation.go:289.85,291.4 1 1
github.com/kyma-incubator/compass/components/director/internal/open_resource_discovery/validation.go:292.75,294.4 1 1
github.com/kyma-incubator/compass/components/director/internal/open_resource_discovery/validation.go:295.80,297.4 1 1
github.com/kyma-incubator/compass/components/director/internal/open_resource_discovery/validation.go:299.48,300.99 1 1
github.com/kyma-incubator/compass/components/director/internal/open_resource_discovery/validation.go:300.99,302.6 1 1
github.com/kyma-incubator/compass/components/director/internal/open_resource_discovery/validation.go:304.48,306.5 1 1
github.com/kyma-incubator/compass/components/director/internal/open_resource_discovery/validation.go:309.48,310.99 1 1
github.com/kyma-incubator/compass/components/director/internal/open_resource_discovery/validation.go:310.99,312.6 1 1
github.com/kyma-incubator/compass/components/director/internal/open_resource_discovery/validation.go:314.48,316.5 1 1
github.com/kyma-incubator/compass/components/director/internal/open_resource_discovery/validation.go:318.90,320.4 1 1
github.com/kyma-incubator/compass/components/director/internal/open_resource_discovery/validation.go:325.166,327.4 1 1
github.com/kyma-incubator/compass/components/director/internal/open_resource_discovery/validation.go:334.95,336.4 1 1
github.com/kyma-incubator/compass/components/director/internal/open_resource_discovery/validation.go:337.151,339.4 1 1
github.com/kyma-incubator/compass/components/director/internal/open_resource_discovery/validation.go:340.81,342.4 1 1
github.com/kyma-incubator/compass/components/director/internal/open_resource_discovery/validation.go:347.184,353.163 1 1
github.com/kyma-incubator/compass/components/director/internal/open_resource_discovery/validation.go:353.163,355.4 1 1
github.com/kyma-incubator/compass/components/director/internal/open_resource_discovery/validation.go:358.87,360.4 1 1
github.com/kyma-incubator/compass/components/director/internal/open_resource_discovery/validation.go:361.77,363.4 1 1
github.com/kyma-incubator/compass/components/director/internal/open_resource_discovery/validation.go:364.82,366.4 1 1
github.com/kyma-incubator/compass/components/director/internal/open_resource_discovery/validation.go:368.48,369.101 1 1
github.com/kyma-incubator/compass/components/director/internal/open_resource_discovery/validation.go:369.101,371.6 1 1
github.com/kyma-incubator/compass/components/director/internal/open_resource_discovery/validation.go:373.48,375.5 1 1
github.com/kyma-incubator/compass/components/director/internal/open_resource_discovery/validation.go:378.48,379.101 1 1
github.com/kyma-incubator/compass/components/director/internal/open_resource_discovery/validation.go:379.101,381.6 1 1
github.com/kyma-incubator/compass/components/director/internal/open_resource_discovery/validation.go:383.48,385.5 1 1
github.com/kyma-incubator/compass/components/director/internal/open_resource_discovery/validation.go:387.92,389.4 1 1
github.com/kyma-incubator/compass/components/director/internal/open_resource_discovery/validation.go:393.170,395.4 1 1
github.com/kyma-incubator/compass/components/director/internal/open_resource_discovery/validation.go:398.97,400.4 1 1
github.com/kyma-incubator/compass/components/director/internal/open_resource_discovery/validation.go:401.153,403.4 1 1
github.com/kyma-incubator/compass/components/director/internal/open_resource_discovery/validation.go:404.83,406.4 1 1
github.com/kyma-incubator/compass/components/director/internal/open_resource_discovery/validation.go:411.62,423.89 2 1
github.com/kyma-incubator/compass/components/director/internal/open_resource_discovery/validation.go:423.89,425.4 1 1
github.com/kyma-incubator/compass/components/director/internal/open_resource_discovery/validation.go:431.59,436.82 1 1
github.com/kyma-incubator/compass/components/director/internal/open_resource_discovery/validation.go:436.82,438.4 1 1
github.com/kyma-incubator/compass/components/director/internal/open_resource_discovery/validation.go:443.68,447.2 1 1
github.com/kyma-incubator/compass/components/director/internal/open_resource_discovery/validation.go:449.47,451.2 1 1
github.com/kyma-incubator/compass/components/director/internal/open_resource_discovery/validation.go:453.57,455.2 1 1
github.com/kyma-incubator/compass/components/director/internal/open_resource_discovery/validation.go:457.58,458.16 1 1
github.com/kyma-incubator/compass/components/director/internal/open_resource_discovery/validation.go:462.2,463.9 2 1
github.com/kyma-incubator/compass/components/director/internal/open_resource_discovery/validation.go:467.2,467.22 1 1
github.com/kyma-incubator/compass/components/director/internal/open_resource_discovery/validation.go:471.2,471.31 1 1
github.com/kyma-incubator/compass/components/director/internal/open_resource_discovery/validation.go:475.2,476.30 2 1
github.com/kyma-incubator/compass/components/director/internal/open_resource_discovery/validation.go:480.2,481.58 2 1
github.com/kyma-incubator/compass/components/director/internal/open_resource_discovery/validation.go:497.2,497.12 1 1
github.com/kyma-incubator/compass/components/director/internal/open_resource_discovery/validation.go:458.16,460.3 1 0
github.com/kyma-incubator/compass/components/director/internal/open_resource_discovery/validation.go:463.9,465.3 1 0
github.com/kyma-incubator/compass/components/director/internal/open_resource_discovery/validation.go:467.22,469.3 1 1
github.com/kyma-incubator/compass/components/director/internal/open_resource_discovery/validation.go:471.31,473.3 1 1
github.com/kyma-incubator/compass/components/director/internal/open_resource_discovery/validation.go:476.30,478.3 1 1
github.com/kyma-incubator/compass/components/director/internal/open_resource_discovery/validation.go:481.58,482.103 1 1
github.com/kyma-incubator/compass/components/director/internal/open_resource_discovery/validation.go:485.3,485.23 1 1
github.com/kyma-incubator/compass/components/director/internal/open_resource_discovery/validation.go:489.3,489.36 1 1
github.com/kyma-incubator/compass/components/director/internal/open_resource_discovery/validation.go:495.3,495.14 1 1
github.com/kyma-incubator/compass/components/director/internal/open_resource_discovery/validation.go:482.103,484.4 1 1
github.com/kyma-incubator/compass/components/director/internal/open_resource_discovery/validation.go:485.23,488.4 2 1
github.com/kyma-incubator/compass/components/director/internal/open_resource_discovery/validation.go:489.36,490.31 1 1
github.com/kyma-incubator/compass/components/director/internal/open_resource_discovery/validation.go:490.31,493.5 2 1
github.com/kyma-incubator/compass/components/director/internal/open_resource_discovery/validation.go:500.49,501.16 1 1
github.com/kyma-incubator/compass/components/director/internal/open_resource_discovery/validation.go:505.2,506.9 2 1
github.com/kyma-incubator/compass/components/director/internal/open_resource_discovery/validation.go:510.2,510.27 1 1
github.com/kyma-incubator/compass/components/director/internal/open_resource_discovery/validation.go:514.2,514.36 1 1
github.com/kyma-incubator/compass/components/director/internal/open_resource_discovery/validation.go:518.2,519.26 2 1
github.com/kyma-incubator/compass/components/director/internal/open_resource_discovery/validation.go:523.2,523.33 1 1
github.com/kyma-incubator/compass/components/director/internal/open_resource_discovery/validation.go:527.2,527.53 1 1
github.com/kyma-incubator/compass/components/director/internal/open_resource_discovery/validation.go:531.2,531.39 1 1
github.com/kyma-incubator/compass/components/director/internal/open_resource_discovery/validation.go:541.2,541.12 1 1
github.com/kyma-incubator/compass/components/director/internal/open_resource_discovery/validation.go:501.16,503.3 1 0
github.com/kyma-incubator/compass/components/director/internal/open_resource_discovery/validation.go:506.9,508.3 1 0
github.com/kyma-incubator/compass/components/director/internal/open_resource_discovery/validation.go:510.27,512.3 1 1
github.com/kyma-incubator/compass/components/director/internal/open_resource_discovery/validation.go:514.36,516.3 1 1
github.com/kyma-incubator/compass/components/director/internal/open_resource_discovery/validation.go:519.26,521.3 1 1
github.com/kyma-incubator/compass/components/director/internal/open_resource_discovery/validation.go:523.33,525.3 1 1
github.com/kyma-incubator/compass/components/director/internal/open_resource_discovery/validation.go:527.53,529.3 1 1
github.com/kyma-incubator/compass/components/director/internal/open_resource_discovery/validation.go:531.39,532.30 1 1
github.com/kyma-incubator/compass/components/director/internal/open_resource_discovery/validation.go:536.3,537.17 2 1
github.com/kyma-incubator/compass/components/director/internal/open_resource_discovery/validation.go:532.30,534.4 1 1
github.com/kyma-incubator/compass/components/director/internal/open_resource_discovery/validation.go:537.17,539.4 1 1
github.com/kyma-incubator/compass/components/director/internal/open_resource_discovery/validation.go:544.59,566.2 1 1
github.com/kyma-incubator/compass/components/director/internal/open_resource_discovery/validation.go:568.48,582.2 1 1
github.com/kyma-incubator/compass/components/director/internal/open_resource_discovery/validation.go:584.52,594.33 1 1
github.com/kyma-incubator/compass/components/director/internal/open_resource_discovery/validation.go:594.33,595.73 1 1
github.com/kyma-incubator/compass/components/director/internal/open_resource_discovery/validation.go:598.3,598.13 1 1
github.com/kyma-incubator/compass/components/director/internal/open_resource_discovery/validation.go:595.73,597.4 1 1
github.com/kyma-incubator/compass/components/director/internal/open_resource_discovery/validation.go:602.48,612.33 1 1
github.com/kyma-incubator/compass/components/director/internal/open_resource_discovery/validation.go:612.33,613.73 1 1
github.com/kyma-incubator/compass/components/director/internal/open_resource_discovery/validation.go:616.3,616.13 1 1
github.com/kyma-incubator/compass/components/director/internal/open_resource_discovery/validation.go:613.73,615.4 1 1
github.com/kyma-incubator/compass/components/director/internal/open_resource_discovery/validation.go:620.131,621.18 1 1
github.com/kyma-incubator/compass/components/director/internal/open_resource_discovery/validation.go:625.2,632.68 7 1
github.com/kyma-incubator/compass/components/director/internal/open_resource_discovery/validation.go:636.2,636.69 1 1
github.com/kyma-incubator/compass/components/director/internal/open_resource_discovery/validation.go:640.2,642.41 2 1
github.com/kyma-incubator/compass/components/director/internal/open_resource_discovery/validation.go:647.2,649.131 3 1
github.com/kyma-incubator/compass/components/director/internal/open_resource_discovery/validation.go:653.2,655.145 3 1
github.com/kyma-incubator/compass/components/director/internal/open_resource_discovery/validation.go:659.2,659.83 1 1
github.com/kyma-incubator/compass/components/director/internal/open_resource_discovery/validation.go:663.2,664.89 2 1
github.com/kyma-incubator/compass/components/director/internal/open_resource_discovery/validation.go:668.2,668.12 1 1
github.com/kyma-incubator/compass/components/director/internal/open_resource_discovery/validation.go:621.18,623.3 1 0
github.com/kyma-incubator/compass/components/director/internal/open_resource_discovery/validation.go:632.68,634.3 1 1
github.com/kyma-incubator/compass/components/director/internal/open_resource_discovery/validation.go:636.69,638.3 1 1
github.com/kyma-incubator/compass/components/director/internal/open_resource_discovery/validation.go:642.41,645.3 2 1
github.com/kyma-incubator/compass/components/director/internal/open_resource_discovery/validation.go:649.131,651.3 1 1
github.com/kyma-incubator/compass/components/director/internal/open_resource_discovery/validation.go:655.145,657.3 1 1
github.com/kyma-incubator/compass/components/director/internal/open_resource_discovery/validation.go:659.83,661.3 1 1
github.com/kyma-incubator/compass/components/director/internal/open_resource_discovery/validation.go:664.89,666.3 1 1
github.com/kyma-incubator/compass/components/director/internal/open_resource_discovery/validation.go:671.136,672.18 1 1
github.com/kyma-incubator/compass/components/director/internal/open_resource_discovery/validation.go:676.2,680.76 4 1
github.com/kyma-incubator/compass/components/director/internal/open_resource_discovery/validation.go:684.2,685.9 2 1
github.com/kyma-incubator/compass/components/director/internal/open_resource_discovery/validation.go:689.2,689.32 1 1
github.com/kyma-incubator/compass/components/director/internal/open_resource_discovery/validation.go:693.2,693.12 1 1
github.com/kyma-incubator/compass/components/director/internal/open_resource_discovery/validation.go:672.18,674.3 1 0
github.com/kyma-incubator/compass/components/director/internal/open_resource_discovery/validation.go:680.76,682.3 1 1
github.com/kyma-incubator/compass/components/director/internal/open_resource_discovery/validation.go:685.9,687.3 1 0
github.com/kyma-incubator/compass/components/director/internal/open_resource_discovery/validation.go:689.32,691.3 1 1
github.com/kyma-incubator/compass/components/director/internal/open_resource_discovery/validation.go:696.155,697.18 1 1
github.com/kyma-incubator/compass/components/director/internal/open_resource_discovery/validation.go:701.2,701.26 1 1
github.com/kyma-incubator/compass/components/director/internal/open_resource_discovery/validation.go:705.2,706.58 2 1
github.com/kyma-incubator/compass/components/director/internal/open_resource_discovery/validation.go:710.2,713.75 3 1
github.com/kyma-incubator/compass/components/director/internal/open_resource_discovery/validation.go:697.18,699.3 1 0
github.com/kyma-incubator/compass/components/director/internal/open_resource_discovery/validation.go:701.26,703.3 1 1
github.com/kyma-incubator/compass/components/director/internal/open_resource_discovery/validation.go:706.58,708.3 1 1
github.com/kyma-incubator/compass/components/director/internal/open_resource_discovery/validation.go:716.180,717.18 1 1
github.com/kyma-incubator/compass/components/director/internal/open_resource_discovery/validation.go:721.2,721.28 1 1
github.com/kyma-incubator/compass/components/director/internal/open_resource_discovery/validation.go:725.2,726.60 2 1
github.com/kyma-incubator/compass/components/director/internal/open_resource_discovery/validation.go:730.2,733.96 3 1
github.com/kyma-incubator/compass/components/director/internal/open_resource_discovery/validation.go:717.18,719.3 1 0
github.com/kyma-incubator/compass/components/director/internal/open_resource_discovery/validation.go:721.28,723.3 1 1
github.com/kyma-incubator/compass/components/director/internal/open_resource_discovery/validation.go:726.60,728.3 1 1
github.com/kyma-incubator/compass/components/director/internal/open_resource_discovery/validation.go:736.168,737.18 1 1
github.com/kyma-incubator/compass/components/director/internal/open_resource_discovery/validation.go:741.2,741.26 1 1
github.com/kyma-incubator/compass/components/director/internal/open_resource_discovery/validation.go:745.2,746.58 2 1
github.com/kyma-incubator/compass/components/director/internal/open_resource_discovery/validation.go:750.2,753.92 3 1
github.com/kyma-incubator/compass/components/director/internal/open_resource_discovery/validation.go:737.18,739.3 1 0
github.com/kyma-incubator/compass/components/director/internal/open_resource_discovery/validation.go:741.26,743.3 1 1
github.com/kyma-incubator/compass/components/director/internal/open_resource_discovery/validation.go:746.58,748.3 1 1
github.com/kyma-incubator/compass/components/director/internal/open_resource_discovery/validation.go:756.94,758.16 2 1
github.com/kyma-incubator/compass/components/director/internal/open_resource_discovery/validation.go:762.2,763.72 2 1
github.com/kyma-incubator/compass/components/director/internal/open_resource_discovery/validation.go:767.2,767.37 1 1
github.com/kyma-incubator/compass/components/director/internal/open_resource_discovery/validation.go:758.16,760.3 1 0
github.com/kyma-incubator/compass/components/director/internal/open_resource_discovery/validation.go:763.72,765.3 1 0
github.com/kyma-incubator/compass/components/director/internal/open_resource_discovery/validation.go:770.102,772.16 2 1
github.com/kyma-incubator/compass/components/director/internal/open_resource_discovery/validation.go:776.2,777.74 2 1
github.com/kyma-incubator/compass/components/director/internal/open_resource_discovery/validation.go:781.2,781.39 1 1
github.com/kyma-incubator/compass/components/director/internal/open_resource_discovery/validation.go:772.16,774.3 1 0
github.com/kyma-incubator/compass/components/director/internal/open_resource_discovery/validation.go:777.74,779.3 1 0
github.com/kyma-incubator/compass/components/director/internal/open_resource_discovery/validation.go:784.76,786.16 2 1
github.com/kyma-incubator/compass/components/director/internal/open_resource_discovery/validation.go:790.2,791.72 2 1
github.com/kyma-incubator/compass/components/director/internal/open_resource_discovery/validation.go:795.2,795.37 1 1
github.com/kyma-incubator/compass/components/director/internal/open_resource_discovery/validation.go:786.16,788.3 1 0
github.com/kyma-incubator/compass/components/director/internal/open_resource_discovery/validation.go:791.72,793.3 1 0
github.com/kyma-incubator/compass/components/director/internal/open_resource_discovery/validation.go:798.47,801.2 2 1
github.com/kyma-incubator/compass/components/director/internal/open_resource_discovery/validation.go:803.32,805.2 1 1
github.com/kyma-incubator/compass/components/director/internal/open_resource_discovery/validation.go:807.133,811.38 3 1
github.com/kyma-incubator/compass/components/director/internal/open_resource_discovery/validation.go:815.2,815.25 1 1
github.com/kyma-incubator/compass/components/director/internal/open_resource_discovery/validation.go:811.38,813.3 1 1
github.com/kyma-incubator/compass/components/director/internal/open_resource_discovery/validation.go:818.98,819.16 1 1
github.com/kyma-incubator/compass/components/director/internal/open_resource_discovery/validation.go:823.2,824.9 2 1
github.com/kyma-incubator/compass/components/director/internal/open_resource_discovery/validation.go:828.2,828.23 1 1
github.com/kyma-incubator/compass/components/director/internal/open_resource_discovery/validation.go:832.2,832.32 1 1
github.com/kyma-incubator/compass/components/director/internal/open_resource_discovery/validation.go:836.2,837.26 2 1
github.com/kyma-incubator/compass/components/director/internal/open_resource_discovery/validation.go:841.2,841.39 1 1
github.com/kyma-incubator/compass/components/director/internal/open_resource_discovery/validation.go:853.2,853.12 1 1
github.com/kyma-incubator/compass/components/director/internal/open_resource_discovery/validation.go:819.16,821.3 1 0
github.com/kyma-incubator/compass/components/director/internal/open_resource_discovery/validation.go:824.9,826.3 1 0
github.com/kyma-incubator/compass/components/director/internal/open_resource_discovery/validation.go:828.23,830.3 1 0
github.com/kyma-incubator/compass/components/director/internal/open_resource_discovery/validation.go:832.32,834.3 1 1
github.com/kyma-incubator/compass/components/director/internal/open_resource_discovery/validation.go:837.26,839.3 1 1
github.com/kyma-incubator/compass/components/director/internal/open_resource_discovery/validation.go:841.39,842.30 1 1
github.com/kyma-incubator/compass/components/director/internal/open_resource_discovery/validation.go:846.3,848.21 2 1
github.com/kyma-incubator/compass/components/director/internal/open_resource_discovery/validation.go:842.30,844.4 1 0
github.com/kyma-incubator/compass/components/director/internal/open_resource_discovery/validation.go:848.21,850.4 1 1
github.com/kyma-incubator/compass/components/director/internal/open_resource_discovery/validation.go:856.97,857.16 1 1
github.com/kyma-incubator/compass/components/director/internal/open_resource_discovery/validation.go:861.2,862.9 2 1
github.com/kyma-incubator/compass/components/director/internal/open_resource_discovery/validation.go:866.2,866.23 1 1
github.com/kyma-incubator/compass/components/director/internal/open_resource_discovery/validation.go:870.2,870.32 1 1
github.com/kyma-incubator/compass/components/director/internal/open_resource_discovery/validation.go:873.2,875.26 2 1
github.com/kyma-incubator/compass/components/director/internal/open_resource_discovery/validation.go:879.2,879.33 1 1
github.com/kyma-incubator/compass/components/director/internal/open_resource_discovery/validation.go:883.2,883.39 1 1
github.com/kyma-incubator/compass/components/director/internal/open_resource_discovery/validation.go:891.2,891.12 1 1
github.com/kyma-incubator/compass/components/director/internal/open_resource_discovery/validation.go:857.16,859.3 1 0
github.com/kyma-incubator/compass/components/director/internal/open_resource_discovery/validation.go:862.9,864.3 1 0
github.com/kyma-incubator/compass/components/director/internal/open_resource_discovery/validation.go:866.23,868.3 1 1
github.com/kyma-incubator/compass/components/director/internal/open_resource_discovery/validation.go:870.32,872.3 1 1
github.com/kyma-incubator/compass/components/director/internal/open_resource_discovery/validation.go:875.26,877.3 1 1
github.com/kyma-incubator/compass/components/director/internal/open_resource_discovery/validation.go:879.33,881.3 1 1
github.com/kyma-incubator/compass/components/director/internal/open_resource_discovery/validation.go:883.39,884.30 1 1
github.com/kyma-incubator/compass/components/director/internal/open_resource_discovery/validation.go:887.3,887.45 1 1
github.com/kyma-incubator/compass/components/director/internal/open_resource_discovery/validation.go:884.30,886.4 1 1
github.com/kyma-incubator/compass/components/director/internal/open_resource_discovery/validation.go:887.45,889.4 1 1
github.com/kyma-incubator/compass/components/director/internal/open_resource_discovery/validation.go:894.149,895.16 1 1
github.com/kyma-incubator/compass/components/director/internal/open_resource_discovery/validation.go:899.2,900.9 2 1
github.com/kyma-incubator/compass/components/director/internal/open_resource_discovery/validation.go:904.2,904.23 1 1
github.com/kyma-incubator/compass/components/director/internal/open_resource_discovery/validation.go:908.2,908.32 1 1
github.com/kyma-incubator/compass/components/director/internal/open_resource_discovery/validation.go:912.2,913.26 2 1
github.com/kyma-incubator/compass/components/director/internal/open_resource_discovery/validation.go:917.2,917.33 1 1
github.com/kyma-incubator/compass/components/director/internal/open_resource_discovery/validation.go:921.2,921.39 1 1
github.com/kyma-incubator/compass/components/director/internal/open_resource_discovery/validation.go:934.2,934.12 1 1
github.com/kyma-incubator/compass/components/director/internal/open_resource_discovery/validation.go:895.16,897.3 1 0
github.com/kyma-incubator/compass/components/director/internal/open_resource_discovery/validation.go:900.9,902.3 1 0
github.com/kyma-incubator/compass/components/director/internal/open_resource_discovery/validation.go:904.23,906.3 1 1
github.com/kyma-incubator/compass/components/director/internal/open_resource_discovery/validation.go:908.32,910.3 1 1
github.com/kyma-incubator/compass/components/director/internal/open_resource_discovery/validation.go:913.26,915.3 1 1
github.com/kyma-incubator/compass/components/director/internal/open_resource_discovery/validation.go:917.33,919.3 1 1
github.com/kyma-incubator/compass/components/director/internal/open_resource_discovery/validation.go:921.39,922.47 1 1
github.com/kyma-incubator/compass/components/director/internal/open_resource_discovery/validation.go:922.47,923.79 1 1
github.com/kyma-incubator/compass/components/director/internal/open_resource_discovery/validation.go:926.4,926.38 1 1
github.com/kyma-incubator/compass/components/director/internal/open_resource_discovery/validation.go:923.79,925.5 1 1
github.com/kyma-incubator/compass/components/director/internal/open_resource_discovery/validation.go:926.38,927.33 1 1
github.com/kyma-incubator/compass/components/director/internal/open_resource_discovery/validation.go:927.33,929.6 1 1
github.com/kyma-incubator/compass/components/director/internal/open_resource_discovery/validation.go:937.142,938.16 1 1
github.com/kyma-incubator/compass/components/director/internal/open_resource_discovery/validation.go:942.2,943.9 2 1
github.com/kyma-incubator/compass/components/director/internal/open_resource_discovery/validation.go:947.2,947.23 1 1
github.com/kyma-incubator/compass/components/director/internal/open_resource_discovery/validation.go:951.2,951.32 1 1
github.com/kyma-incubator/compass/components/director/internal/open_resource_discovery/validation.go:955.2,956.27 2 1
github.com/kyma-incubator/compass/components/director/internal/open_resource_discovery/validation.go:960.2,960.46 1 1
github.com/kyma-incubator/compass/components/director/internal/open_resource_discovery/validation.go:971.2,971.12 1 1
github.com/kyma-incubator/compass/components/director/internal/open_resource_discovery/validation.go:938.16,940.3 1 0
github.com/kyma-incubator/compass/components/director/internal/open_resource_discovery/validation.go:943.9,945.3 1 0
github.com/kyma-incubator/compass/components/director/internal/open_resource_discovery/validation.go:947.23,949.3 1 0
github.com/kyma-incubator/compass/components/director/internal/open_resource_discovery/validation.go:951.32,953.3 1 1
github.com/kyma-incubator/compass/components/director/internal/open_resource_discovery/validation.go:956.27,958.3 1 0
github.com/kyma-incubator/compass/components/director/internal/open_resource_discovery/validation.go:960.46,961.85 1 1
github.com/kyma-incubator/compass/components/director/internal/open_resource_discovery/validation.go:964.3,964.37 1 1
github.com/kyma-incubator/compass/components/director/internal/open_resource_discovery/validation.go:961.85,963.4 1 1
github.com/kyma-incubator/compass/components/director/internal/open_resource_discovery/validation.go:964.37,965.39 1 1
github.com/kyma-incubator/compass/components/director/internal/open_resource_discovery/validation.go:965.39,967.5 1 1
github.com/kyma-incubator/compass/components/director/internal/open_resource_discovery/validation.go:974.48,975.72 1 1
github.com/kyma-incubator/compass/components/director/internal/open_resource_discovery/validation.go:978.2,978.140 1 1
github.com/kyma-incubator/compass/components/director/internal/open_resource_discovery/validation.go:975.72,977.3 1 0
github.com/kyma-incubator/compass/components/director/internal/open_resource_discovery/validation.go:981.55,982.79 1 1
github.com/kyma-incubator/compass/components/director/internal/open_resource_discovery/validation.go:985.2,985.217 1 1
github.com/kyma-incubator/compass/components/director/internal/open_resource_discovery/validation.go:988.2,988.12 1 1
github.com/kyma-incubator/compass/components/director/internal/open_resource_discovery/validation.go:982.79,984.3 1 0
github.com/kyma-incubator/compass/components/director/internal/open_resource_discovery/validation.go:985.217,987.3 1 1
github.com/kyma-incubator/compass/components/director/internal/open_resource_discovery/validation.go:991.98,993.9 2 1
github.com/kyma-incubator/compass/components/director/internal/open_resource_discovery/validation.go:997.2,997.59 1 1
github.com/kyma-incubator/compass/components/director/internal/open_resource_discovery/validation.go:1001.2,1002.38 2 1
github.com/kyma-incubator/compass/components/director/internal/open_resource_discovery/validation.go:1021.2,1021.12 1 1
github.com/kyma-incubator/compass/components/director/internal/open_resource_discovery/validation.go:993.9,995.3 1 0
github.com/kyma-incubator/compass/components/director/internal/open_resource_discovery/validation.go:997.59,999.3 1 1
github.com/kyma-incubator/compass/components/director/internal/open_resource_discovery/validation.go:1002.38,1003.27 1 1
github.com/kyma-incubator/compass/components/director/internal/open_resource_discovery/validation.go:1007.3,1007.48 1 1
github.com/kyma-incubator/compass/components/director/internal/open_resource_discovery/validation.go:1011.3,1011.65 1 1
github.com/kyma-incubator/compass/components/director/internal/open_resource_discovery/validation.go:1017.3,1017.32 1 1
github.com/kyma-incubator/compass/components/director/internal/open_resource_discovery/validation.go:1003.27,1005.4 1 1
github.com/kyma-incubator/compass/components/director/internal/open_resource_discovery/validation.go:1007.48,1009.4 1 1
github.com/kyma-incubator/compass/components/director/internal/open_resource_discovery/validation.go:1011.65,1013.4 1 1
github.com/kyma-incubator/compass/components/director/internal/open_resource_discovery/validation.go:1013.9,1015.4 1 1
github.com/kyma-incubator/compass/components/director/internal/open_resource_discovery/validation.go:1017.32,1019.4 1 1
github.com/kyma-incubator/compass/components/director/internal/open_resource_discovery/validation.go:1024.124,1026.9 2 1
github.com/kyma-incubator/compass/components/director/internal/open_resource_discovery/validation.go:1030.2,1030.59 1 1
github.com/kyma-incubator/compass/components/director/internal/open_resource_discovery/validation.go:1034.2,1035.38 2 1
github.com/kyma-incubator/compass/components/director/internal/open_resource_discovery/validation.go:1067.2,1067.12 1 1
github.com/kyma-incubator/compass/components/director/internal/open_resource_discovery/validation.go:1026.9,1028.3 1 0
github.com/kyma-incubator/compass/components/director/internal/open_resource_discovery/validation.go:1030.59,1032.3 1 1
github.com/kyma-incubator/compass/components/director/internal/open_resource_discovery/validation.go:1035.38,1036.27 1 1
github.com/kyma-incubator/compass/components/director/internal/open_resource_discovery/validation.go:1040.3,1040.48 1 1
github.com/kyma-incubator/compass/components/director/internal/open_resource_discovery/validation.go:1044.3,1044.63 1 1
github.com/kyma-incubator/compass/components/director/internal/open_resource_discovery/validation.go:1050.3,1051.17 2 1
github.com/kyma-incubator/compass/components/director/internal/open_resource_discovery/validation.go:1055.3,1056.54 2 1
github.com/kyma-incubator/compass/components/director/internal/open_resource_discovery/validation.go:1060.3,1060.53 1 1
github.com/kyma-incubator/compass/components/director/internal/open_resource_discovery/validation.go:1036.27,1038.4 1 1
github.com/kyma-incubator/compass/components/director/internal/open_resource_discovery/validation.go:1040.48,1042.4 1 1
github.com/kyma-incubator/compass/components/director/internal/open_resource_discovery/validation.go:1044.63,1046.4 1 1
github.com/kyma-incubator/compass/components/director/internal/open_resource_discovery/validation.go:1046.9,1048.4 1 1
github.com/kyma-incubator/compass/components/director/internal/open_resource_discovery/validation.go:1051.17,1053.4 1 1
github.com/kyma-incubator/compass/components/director/internal/open_resource_discovery/validation.go:1056.54,1058.4 1 1
github.com/kyma-incubator/compass/components/director/internal/open_resource_discovery/validation.go:1060.53,1061.80 1 1
github.com/kyma-incubator/compass/components/director/internal/open_resource_discovery/validation.go:1061.80,1063.5 1 1
github.com/kyma-incubator/compass/components/director/internal/open_resource_discovery/validation.go:1070.126,1072.9 2 1
github.com/kyma-incubator/compass/components/director/internal/open_resource_discovery/validation.go:1076.2,1076.37 1 1
github.com/kyma-incubator/compass/components/director/internal/open_resource_discovery/validation.go:1080.2,1081.53 2 1
github.com/kyma-incubator/compass/components/director/internal/open_resource_discovery/validation.go:1088.2,1088.14 1 1
github.com/kyma-incubator/compass/components/director/internal/open_resource_discovery/validation.go:1091.2,1091.12 1 0
github.com/kyma-incubator/compass/components/director/internal/open_resource_discovery/validation.go:1072.9,1074.3 1 0
github.com/kyma-incubator/compass/components/director/internal/open_resource_discovery/validation.go:1076.37,1078.3 1 1
github.com/kyma-incubator/compass/components/director/internal/open_resource_discovery/validation.go:1081.53,1082.57 1 1
github.com/kyma-incubator/compass/components/director/internal/open_resource_discovery/validation.go:1082.57,1084.9 2 0
github.com/kyma-incubator/compass/components/director/internal/open_resource_discovery/validation.go:1088.14,1090.3 1 1
github.com/kyma-incubator/compass/components/director/internal/open_resource_discovery/validation.go:1094.104,1095.65 1 1
github.com/kyma-incubator/compass/components/director/internal/open_resource_discovery/validation.go:1100.2,1100.13 1 1
github.com/kyma-incubator/compass/components/director/internal/open_resource_discovery/validation.go:1095.65,1096.45 1 1
github.com/kyma-incubator/compass/components/director/internal/open_resource_discovery/validation.go:1096.45,1098.4 1 1
github.com/kyma-incubator/compass/components/director/internal/open_resource_discovery/validation.go:1103.68,1104.27 1 1
github.com/kyma-incubator/compass/components/director/internal/open_resource_discovery/validation.go:1108.2,1109.34 2 1
github.com/kyma-incubator/compass/components/director/internal/open_resource_discovery/validation.go:1115.2,1115.14 1 1
github.com/kyma-incubator/compass/components/director/internal/open_resource_discovery/validation.go:1104.27,1106.3 1 1
github.com/kyma-incubator/compass/components/director/internal/open_resource_discovery/validation.go:1109.34,1110.25 1 1
github.com/kyma-incubator/compass/components/director/internal/open_resource_discovery/validation.go:1113.3,1113.28 1 1
github.com/kyma-incubator/compass/components/director/internal/open_resource_discovery/validation.go:1110.25,1112.4 1 1
github.com/kyma-incubator/compass/components/director/internal/open_resource_discovery/validation.go:1118.39,1121.16 3 1
github.com/kyma-incubator/compass/components/director/internal/open_resource_discovery/validation.go:1125.2,1125.57 1 1
github.com/kyma-incubator/compass/components/director/internal/open_resource_discovery/validation.go:1134.2,1134.35 1 1
github.com/kyma-incubator/compass/components/director/internal/open_resource_discovery/validation.go:1121.16,1123.3 1 0
github.com/kyma-incubator/compass/components/director/internal/open_resource_discovery/validation.go:1125.57,1127.3 1 1
github.com/kyma-incubator/compass/components/director/internal/open_resource_discovery/validation.go:1127.8,1127.64 1 1
github.com/kyma-incubator/compass/components/director/internal/open_resource_discovery/validation.go:1127.64,1129.3 1 1
github.com/kyma-incubator/compass/components/director/internal/open_resource_discovery/validation.go:1129.8,1129.73 1 1
github.com/kyma-incubator/compass/components/director/internal/open_resource_discovery/validation.go:1129.73,1131.3 1 0
github.com/kyma-incubator/compass/components/director/internal/open_resource_discovery/validation.go:1131.8,1131.78 1 1
github.com/kyma-incubator/compass/components/director/internal/open_resource_discovery/validation.go:1131.78,1133.3 1 1
github.com/kyma-incubator/compass/components/director/internal/open_resource_discovery/validation.go:1137.46,1139.8 2 1
github.com/kyma-incubator/compass/components/director/internal/open_resource_discovery/validation.go:1143.2,1144.8 2 1
github.com/kyma-incubator/compass/components/director/internal/open_resource_discovery/validation.go:1148.2,1148.94 1 0
github.com/kyma-incubator/compass/components/director/internal/open_resource_discovery/validation.go:1139.8,1141.3 1 1
github.com/kyma-incubator/compass/components/director/internal/open_resource_discovery/validation.go:1144.8,1146.3 1 1
github.com/kyma-incubator/compass/components/director/internal/open_resource_discovery/validation.go:1151.116,1152.39 1 1
github.com/kyma-incubator/compass/components/director/internal/open_resource_discovery/validation.go:1152.39,1153.40 1 1
github.com/kyma-incubator/compass/components/director/internal/open_resource_discovery/validation.go:1156.3,1156.13 1 1
github.com/kyma-incubator/compass/components/director/internal/open_resource_discovery/validation.go:1153.40,1155.4 1 1
github.com/kyma-incubator/compass/components/director/internal/open_resource_discovery/validation.go:1160.116,1164.129 3 1
github.com/kyma-incubator/compass/components/director/internal/open_resource_discovery/validation.go:1168.2,1174.35 1 1
github.com/kyma-incubator/compass/components/director/internal/open_resource_discovery/validation.go:1164.129,1166.3 1 1
github.com/kyma-incubator/compass/components/director/internal/open_resource_discovery/validation.go:1177.59,1180.9 3 1
github.com/kyma-incubator/compass/components/director/internal/open_resource_discovery/validation.go:1184.2,1188.122 4 1
github.com/kyma-incubator/compass/components/director/internal/open_resource_discovery/validation.go:1191.2,1191.12 1 1
github.com/kyma-incubator/compass/components/director/internal/open_resource_discovery/validation.go:1180.9,1182.3 1 1
github.com/kyma-incubator/compass/components/director/internal/open_resource_discovery/validation.go:1188.122,1190.3 1 1
github.com/kyma-incubator/compass/components/director/internal/open_resource_discovery/validation.go:1195.50,1197.16 2 1
github.com/kyma-incubator/compass/components/director/internal/open_resource_discovery/validation.go:1201.2,1201.18 1 1
github.com/kyma-incubator/compass/components/director/internal/open_resource_discovery/validation.go:1197.16,1199.3 1 0
github.com/kyma-incubator/compass/components/director/internal/open_resource_discovery/validation.go:1204.97,1209.100 4 1
github.com/kyma-incubator/compass/components/director/internal/open_resource_discovery/validation.go:1213.2,1213.12 1 1
github.com/kyma-incubator/compass/components/director/internal/open_resource_discovery/validation.go:1209.100,1211.3 1 1
github.com/kyma-incubator/compass/components/director/internal/open_resource_discovery/client.go:31.75,35.2 1 1
github.com/kyma-incubator/compass/components/director/internal/open_resource_discovery/client.go:50.134,56.2 1 1
github.com/kyma-incubator/compass/components/director/internal/open_resource_discovery/client.go:59.150,62.109 2 1
github.com/kyma-incubator/compass/components/director/internal/open_resource_discovery/client.go:71.2,72.16 2 1
github.com/kyma-incubator/compass/components/director/internal/open_resource_discovery/client.go:76.2,77.16 2 1
github.com/kyma-incubator/compass/components/director/internal/open_resource_discovery/client.go:81.2,82.16 2 1
github.com/kyma-incubator/compass/components/director/internal/open_resource_discovery/client.go:86.2,93.70 7 1
github.com/kyma-incubator/compass/components/director/internal/open_resource_discovery/client.go:123.2,126.29 3 1
github.com/kyma-incubator/compass/components/director/internal/open_resource_discovery/client.go:130.2,130.35 1 1
github.com/kyma-incubator/compass/components/director/internal/open_resource_discovery/client.go:62.109,64.17 2 0
github.com/kyma-incubator/compass/components/director/internal/open_resource_discovery/client.go:68.3,68.38 1 0
github.com/kyma-incubator/compass/components/director/internal/open_resource_discovery/client.go:64.17,66.4 1 0
github.com/kyma-incubator/compass/components/director/internal/open_resource_discovery/client.go:72.16,74.3 1 1
github.com/kyma-incubator/compass/components/director/internal/open_resource_discovery/client.go:77.16,79.3 1 0
github.com/kyma-incubator/compass/components/director/internal/open_resource_discovery/client.go:82.16,84.3 1 0
github.com/kyma-incubator/compass/components/director/internal/open_resource_discovery/client.go:93.70,96.39 3 1
github.com/kyma-incubator/compass/components/director/internal/open_resource_discovery/client.go:96.39,97.17 1 1
github.com/kyma-incubator/compass/components/director/internal/open_resource_discovery/client.go:102.4,103.18 2 1
github.com/kyma-incubator/compass/components/director/internal/open_resource_discovery/client.go:108.4,109.11 2 1
github.com/kyma-incubator/compass/components/director/internal/open_resource_discovery/client.go:112.4,113.18 2 1
github.com/kyma-incubator/compass/components/director/internal/open_resource_discovery/client.go:119.4,119.38 1 1
github.com/kyma-incubator/compass/components/director/internal/open_resource_discovery/client.go:97.17,100.5 2 1
github.com/kyma-incubator/compass/components/director/internal/open_resource_discovery/client.go:103.18,107.5 3 0
github.com/kyma-incubator/compass/components/director/internal/open_resource_discovery/client.go:109.11,111.5 1 1
github.com/kyma-incubator/compass/components/director/internal/open_resource_discovery/client.go:113.18,117.5 3 1
github.com/kyma-incubator/compass/components/director/internal/open_resource_discovery/client.go:126.29,129.3 2 1
github.com/kyma-incubator/compass/components/director/internal/open_resource_discovery/client.go:133.63,134.29 1 1
github.com/kyma-incubator/compass/components/director/internal/open_resource_discovery/client.go:137.2,137.15 1 1
github.com/kyma-incubator/compass/components/director/internal/open_resource_discovery/client.go:134.29,136.3 1 1
github.com/kyma-incubator/compass/components/director/internal/open_resource_discovery/client.go:140.179,143.16 3 1
github.com/kyma-incubator/compass/components/director/internal/open_resource_discovery/client.go:147.2,148.16 2 1
github.com/kyma-incubator/compass/components/director/internal/open_resource_discovery/client.go:152.2,154.38 2 1
github.com/kyma-incubator/compass/components/director/internal/open_resource_discovery/client.go:158.2,160.16 3 1
github.com/kyma-incubator/compass/components/director/internal/open_resource_discovery/client.go:163.2,164.59 2 1
github.com/kyma-incubator/compass/components/director/internal/open_resource_discovery/client.go:167.2,167.20 1 1
github.com/kyma-incubator/compass/components/director/internal/open_resource_discovery/client.go:143.16,145.3 1 1
github.com/kyma-incubator/compass/components/director/internal/open_resource_discovery/client.go:148.16,150.3 1 0
github.com/kyma-incubator/compass/components/director/internal/open_resource_discovery/client.go:154.38,156.3 1 1
github.com/kyma-incubator/compass/components/director/internal/open_resource_discovery/client.go:160.16,162.3 1 0
github.com/kyma-incubator/compass/components/director/internal/open_resource_discovery/client.go:164.59,166.3 1 1
github.com/kyma-incubator/compass/components/director/internal/open_resource_discovery/client.go:170.57,171.37 1 1
github.com/kyma-incubator/compass/components/director/internal/open_resource_discovery/client.go:171.37,173.3 1 0
github.com/kyma-incubator/compass/components/director/internal/open_resource_discovery/client.go:176.71,180.2 3 1
github.com/kyma-incubator/compass/components/director/internal/open_resource_discovery/client.go:182.70,186.2 3 1
github.com/kyma-incubator/compass/components/director/internal/open_resource_discovery/client.go:188.145,191.104 3 1
github.com/kyma-incubator/compass/components/director/internal/open_resource_discovery/client.go:215.2,218.16 3 1
github.com/kyma-incubator/compass/components/director/internal/open_resource_discovery/client.go:222.2,222.38 1 1
github.com/kyma-incubator/compass/components/director/internal/open_resource_discovery/client.go:226.2,227.59 2 1
github.com/kyma-incubator/compass/components/director/internal/open_resource_discovery/client.go:231.2,231.21 1 1
github.com/kyma-incubator/compass/components/director/internal/open_resource_discovery/client.go:191.104,194.17 3 1
github.com/kyma-incubator/compass/components/director/internal/open_resource_discovery/client.go:197.3,198.17 2 1
github.com/kyma-incubator/compass/components/director/internal/open_resource_discovery/client.go:194.17,196.4 1 1
github.com/kyma-incubator/compass/components/director/internal/open_resource_discovery/client.go:198.17,200.4 1 1
github.com/kyma-incubator/compass/components/director/internal/open_resource_discovery/client.go:201.8,201.32 1 1
github.com/kyma-incubator/compass/components/director/internal/open_resource_discovery/client.go:201.32,204.17 3 1
github.com/kyma-incubator/compass/components/director/internal/open_resource_discovery/client.go:204.17,206.4 1 1
github.com/kyma-incubator/compass/components/director/internal/open_resource_discovery/client.go:207.8,210.17 3 1
github.com/kyma-incubator/compass/components/director/internal/open_resource_discovery/client.go:210.17,212.4 1 0
github.com/kyma-incubator/compass/components/director/internal/open_resource_discovery/client.go:218.16,220.3 1 0
github.com/kyma-incubator/compass/components/director/internal/open_resource_discovery/client.go:222.38,224.3 1 1
github.com/kyma-incubator/compass/components/director/internal/open_resource_discovery/client.go:227.59,229.3 1 1
github.com/kyma-incubator/compass/components/director/internal/open_resource_discovery/client.go:234.63,236.16 2 1
github.com/kyma-incubator/compass/components/director/internal/open_resource_discovery/client.go:239.2,239.26 1 1
github.com/kyma-incubator/compass/components/director/internal/open_resource_discovery/client.go:242.2,242.30 1 1
github.com/kyma-incubator/compass/components/director/internal/open_resource_discovery/client.go:236.16,238.3 1 0
github.com/kyma-incubator/compass/components/director/internal/open_resource_discovery/client.go:239.26,241.3 1 1
github.com/kyma-incubator/compass/components/director/internal/open_resource_discovery/client.go:247.82,248.26 1 1
github.com/kyma-incubator/compass/components/director/internal/open_resource_discovery/client.go:252.2,253.16 2 1
github.com/kyma-incubator/compass/components/director/internal/open_resource_discovery/client.go:257.2,257.65 1 1
github.com/kyma-incubator/compass/components/director/internal/open_resource_discovery/client.go:262.2,262.16 1 1
github.com/kyma-incubator/compass/components/director/internal/open_resource_discovery/client.go:248.26,250.3 1 1
github.com/kyma-incubator/compass/components/director/internal/open_resource_discovery/client.go:253.16,255.3 1 0
github.com/kyma-incubator/compass/components/director/internal/open_resource_discovery/client.go:257.65,261.3 3 0
github.com/kyma-incubator/compass/components/director/internal/open_resource_discovery/global_registry.go:36.209,44.2 1 1
github.com/kyma-incubator/compass/components/director/internal/open_resource_discovery/global_registry.go:47.99,60.16 3 1
github.com/kyma-incubator/compass/components/director/internal/open_resource_discovery/global_registry.go:64.2,64.96 1 1
github.com/kyma-incubator/compass/components/director/internal/open_resource_discovery/global_registry.go:68.2,75.32 8 1
github.com/kyma-incubator/compass/components/director/internal/open_resource_discovery/global_registry.go:85.2,85.127 1 1
github.com/kyma-incubator/compass/components/director/internal/open_resource_discovery/global_registry.go:89.2,90.16 2 1
github.com/kyma-incubator/compass/components/director/internal/open_resource_discovery/global_registry.go:93.2,97.16 4 1
github.com/kyma-incubator/compass/components/director/internal/open_resource_discovery/global_registry.go:101.2,102.16 2 1
github.com/kyma-incubator/compass/components/director/internal/open_resource_discovery/global_registry.go:106.2,107.39 2 1
github.com/kyma-incubator/compass/components/director/internal/open_resource_discovery/global_registry.go:110.2,110.41 1 1
github.com/kyma-incubator/compass/components/director/internal/open_resource_discovery/global_registry.go:114.2,114.42 1 1
github.com/kyma-incubator/compass/components/director/internal/open_resource_discovery/global_registry.go:60.16,62.3 1 1
github.com/kyma-incubator/compass/components/director/internal/open_resource_discovery/global_registry.go:64.96,66.3 1 1
github.com/kyma-incubator/compass/components/director/internal/open_resource_discovery/global_registry.go:75.32,83.3 7 1
github.com/kyma-incubator/compass/components/director/internal/open_resource_discovery/global_registry.go:85.127,87.3 1 1
github.com/kyma-incubator/compass/components/director/internal/open_resource_discovery/global_registry.go:90.16,92.3 1 1
github.com/kyma-incubator/compass/components/director/internal/open_resource_discovery/global_registry.go:97.16,99.3 1 1
github.com/kyma-incubator/compass/components/director/internal/open_resource_discovery/global_registry.go:102.16,104.3 1 1
github.com/kyma-incubator/compass/components/director/internal/open_resource_discovery/global_registry.go:107.39,109.3 1 1
github.com/kyma-incubator/compass/components/director/internal/open_resource_discovery/global_registry.go:110.41,112.3 1 1
github.com/kyma-incubator/compass/components/director/internal/open_resource_discovery/global_registry.go:117.99,119.16 2 1
github.com/kyma-incubator/compass/components/director/internal/open_resource_discovery/global_registry.go:122.2,126.16 4 1
github.com/kyma-incubator/compass/components/director/internal/open_resource_discovery/global_registry.go:129.2,130.16 2 1
github.com/kyma-incubator/compass/components/director/internal/open_resource_discovery/global_registry.go:134.2,135.39 2 1
github.com/kyma-incubator/compass/components/director/internal/open_resource_discovery/global_registry.go:138.2,138.41 1 1
github.com/kyma-incubator/compass/components/director/internal/open_resource_discovery/global_registry.go:142.2,142.42 1 1
github.com/kyma-incubator/compass/components/director/internal/open_resource_discovery/global_registry.go:119.16,121.3 1 1
github.com/kyma-incubator/compass/components/director/internal/open_resource_discovery/global_registry.go:126.16,128.3 1 1
github.com/kyma-incubator/compass/components/director/internal/open_resource_discovery/global_registry.go:130.16,132.3 1 1
github.com/kyma-incubator/compass/components/director/internal/open_resource_discovery/global_registry.go:135.39,137.3 1 1
github.com/kyma-incubator/compass/components/director/internal/open_resource_discovery/global_registry.go:138.41,140.3 1 1
github.com/kyma-incubator/compass/components/director/internal/open_resource_discovery/global_registry.go:145.124,147.16 2 1
github.com/kyma-incubator/compass/components/director/internal/open_resource_discovery/global_registry.go:151.2,151.33 1 1
github.com/kyma-incubator/compass/components/director/internal/open_resource_discovery/global_registry.go:157.2,157.39 1 1
github.com/kyma-incubator/compass/components/director/internal/open_resource_discovery/global_registry.go:167.2,167.40 1 1
github.com/kyma-incubator/compass/components/director/internal/open_resource_discovery/global_registry.go:147.16,149.3 1 1
github.com/kyma-incubator/compass/components/director/internal/open_resource_discovery/global_registry.go:151.33,152.69 1 1
github.com/kyma-incubator/compass/components/director/internal/open_resource_discovery/global_registry.go:152.69,154.4 1 1
github.com/kyma-incubator/compass/components/director/internal/open_resource_discovery/global_registry.go:157.39,158.63 1 1
github.com/kyma-incubator/compass/components/director/internal/open_resource_discovery/global_registry.go:158.63,160.4 1 1
github.com/kyma-incubator/compass/components/director/internal/open_resource_discovery/global_registry.go:160.14,161.71 1 1
github.com/kyma-incubator/compass/components/director/internal/open_resource_discovery/global_registry.go:161.71,163.5 1 1
github.com/kyma-incubator/compass/components/director/internal/open_resource_discovery/global_registry.go:170.128,172.16 2 1
github.com/kyma-incubator/compass/components/director/internal/open_resource_discovery/global_registry.go:176.2,176.35 1 1
github.com/kyma-incubator/compass/components/director/internal/open_resource_discovery/global_registry.go:182.2,182.41 1 1
github.com/kyma-incubator/compass/components/director/internal/open_resource_discovery/global_registry.go:192.2,192.41 1 1
github.com/kyma-incubator/compass/components/director/internal/open_resource_discovery/global_registry.go:172.16,174.3 1 1
github.com/kyma-incubator/compass/components/director/internal/open_resource_discovery/global_registry.go:176.35,177.72 1 1
github.com/kyma-incubator/compass/components/director/internal/open_resource_discovery/global_registry.go:177.72,179.4 1 1
github.com/kyma-incubator/compass/components/director/internal/open_resource_discovery/global_registry.go:182.41,183.64 1 1
github.com/kyma-incubator/compass/components/director/internal/open_resource_discovery/global_registry.go:183.64,185.4 1 1
github.com/kyma-incubator/compass/components/director/internal/open_resource_discovery/global_registry.go:185.14,186.73 1 1
github.com/kyma-incubator/compass/components/director/internal/open_resource_discovery/global_registry.go:186.73,188.5 1 1
github.com/kyma-incubator/compass/components/director/internal/open_resource_discovery/global_registry.go:195.130,197.68 2 1
github.com/kyma-incubator/compass/components/director/internal/open_resource_discovery/global_registry.go:202.2,203.12 2 1
github.com/kyma-incubator/compass/components/director/internal/open_resource_discovery/global_registry.go:197.68,199.3 1 1
github.com/kyma-incubator/compass/components/director/internal/open_resource_discovery/global_registry.go:199.12,201.3 1 1
github.com/kyma-incubator/compass/components/director/internal/open_resource_discovery/global_registry.go:206.135,208.69 2 1
github.com/kyma-incubator/compass/components/director/internal/open_resource_discovery/global_registry.go:213.2,214.12 2 1
github.com/kyma-incubator/compass/components/director/internal/open_resource_discovery/global_registry.go:208.69,210.3 1 1
github.com/kyma-incubator/compass/components/director/internal/open_resource_discovery/global_registry.go:210.12,212.3 1 1
github.com/kyma-incubator/compass/components/director/internal/open_resource_discovery/ord_document.go:65.57,66.113 1 1
github.com/kyma-incubator/compass/components/director/internal/open_resource_discovery/ord_document.go:70.2,70.102 1 1
github.com/kyma-incubator/compass/components/director/internal/open_resource_discovery/ord_document.go:74.2,74.65 1 1
github.com/kyma-incubator/compass/components/director/internal/open_resource_discovery/ord_document.go:80.2,81.16 2 1
github.com/kyma-incubator/compass/components/director/internal/open_resource_discovery/ord_document.go:85.2,85.46 1 1
github.com/kyma-incubator/compass/components/director/internal/open_resource_discovery/ord_document.go:89.2,89.12 1 1
github.com/kyma-incubator/compass/components/director/internal/open_resource_discovery/ord_document.go:66.113,68.3 1 1
github.com/kyma-incubator/compass/components/director/internal/open_resource_discovery/ord_document.go:70.102,72.3 1 1
github.com/kyma-incubator/compass/components/director/internal/open_resource_discovery/ord_document.go:74.65,75.56 1 1
github.com/kyma-incubator/compass/components/director/internal/open_resource_discovery/ord_document.go:75.56,77.4 1 1
github.com/kyma-incubator/compass/components/director/internal/open_resource_discovery/ord_document.go:81.16,83.3 1 0
github.com/kyma-incubator/compass/components/director/internal/open_resource_discovery/ord_document.go:85.46,87.3 1 1
github.com/kyma-incubator/compass/components/director/internal/open_resource_discovery/ord_document.go:96.271,102.27 2 1
github.com/kyma-incubator/compass/components/director/internal/open_resource_discovery/ord_document.go:122.2,130.27 8 1
github.com/kyma-incubator/compass/components/director/internal/open_resource_discovery/ord_document.go:141.2,141.27 1 1
github.com/kyma-incubator/compass/components/director/internal/open_resource_discovery/ord_document.go:210.2,210.27 1 1
github.com/kyma-incubator/compass/components/director/internal/open_resource_discovery/ord_document.go:267.2,267.26 1 1
github.com/kyma-incubator/compass/components/director/internal/open_resource_discovery/ord_document.go:102.27,103.113 1 1
github.com/kyma-incubator/compass/components/director/internal/open_resource_discovery/ord_document.go:108.3,108.24 1 1
github.com/kyma-incubator/compass/components/director/internal/open_resource_discovery/ord_document.go:112.3,112.41 1 1
github.com/kyma-incubator/compass/components/director/internal/open_resource_discovery/ord_document.go:117.3,117.138 1 1
github.com/kyma-incubator/compass/components/director/internal/open_resource_discovery/ord_document.go:103.113,105.12 2 1
github.com/kyma-incubator/compass/components/director/internal/open_resource_discovery/ord_document.go:108.24,110.4 1 1
github.com/kyma-incubator/compass/components/director/internal/open_resource_discovery/ord_document.go:112.41,113.83 1 1
github.com/kyma-incubator/compass/components/director/internal/open_resource_discovery/ord_document.go:113.83,115.5 1 1
github.com/kyma-incubator/compass/components/director/internal/open_resource_discovery/ord_document.go:117.138,119.4 1 1
github.com/kyma-incubator/compass/components/director/internal/open_resource_discovery/ord_document.go:130.27,131.36 1 1
github.com/kyma-incubator/compass/components/director/internal/open_resource_discovery/ord_document.go:131.36,132.42 1 1
github.com/kyma-incubator/compass/components/director/internal/open_resource_discovery/ord_document.go:136.4,137.52 2 1
github.com/kyma-incubator/compass/components/director/internal/open_resource_discovery/ord_document.go:132.42,134.13 2 1
github.com/kyma-incubator/compass/components/director/internal/open_resource_discovery/ord_document.go:141.27,142.52 1 1
github.com/kyma-incubator/compass/components/director/internal/open_resource_discovery/ord_document.go:146.3,146.36 1 1
github.com/kyma-incubator/compass/components/director/internal/open_resource_discovery/ord_document.go:151.3,151.47 1 1
github.com/kyma-incubator/compass/components/director/internal/open_resource_discovery/ord_document.go:162.3,162.40 1 1
github.com/kyma-incubator/compass/components/director/internal/open_resource_discovery/ord_document.go:171.3,171.40 1 1
github.com/kyma-incubator/compass/components/director/internal/open_resource_discovery/ord_document.go:182.3,182.44 1 1
github.com/kyma-incubator/compass/components/director/internal/open_resource_discovery/ord_document.go:193.3,193.38 1 1
github.com/kyma-incubator/compass/components/director/internal/open_resource_discovery/ord_document.go:202.3,202.44 1 1
github.com/kyma-incubator/compass/components/director/internal/open_resource_discovery/ord_document.go:142.52,144.4 1 1
github.com/kyma-incubator/compass/components/director/internal/open_resource_discovery/ord_document.go:146.36,147.84 1 1
github.com/kyma-incubator/compass/components/director/internal/open_resource_discovery/ord_document.go:147.84,149.5 1 1
github.com/kyma-incubator/compass/components/director/internal/open_resource_discovery/ord_document.go:151.47,152.52 1 1
github.com/kyma-incubator/compass/components/director/internal/open_resource_discovery/ord_document.go:155.4,155.25 1 1
github.com/kyma-incubator/compass/components/director/internal/open_resource_discovery/ord_document.go:152.52,154.5 1 1
github.com/kyma-incubator/compass/components/director/internal/open_resource_discovery/ord_document.go:155.25,156.44 1 1
github.com/kyma-incubator/compass/components/director/internal/open_resource_discovery/ord_document.go:159.5,159.34 1 1
github.com/kyma-incubator/compass/components/director/internal/open_resource_discovery/ord_document.go:156.44,158.6 1 1
github.com/kyma-incubator/compass/components/director/internal/open_resource_discovery/ord_document.go:162.40,163.56 1 1
github.com/kyma-incubator/compass/components/director/internal/open_resource_discovery/ord_document.go:166.4,166.46 1 1
github.com/kyma-incubator/compass/components/director/internal/open_resource_discovery/ord_document.go:169.4,169.36 1 1
github.com/kyma-incubator/compass/components/director/internal/open_resource_discovery/ord_document.go:163.56,165.5 1 1
github.com/kyma-incubator/compass/components/director/internal/open_resource_discovery/ord_document.go:166.46,168.5 1 1
github.com/kyma-incubator/compass/components/director/internal/open_resource_discovery/ord_document.go:171.40,172.97 1 1
github.com/kyma-incubator/compass/components/director/internal/open_resource_discovery/ord_document.go:175.4,175.24 1 1
github.com/kyma-incubator/compass/components/director/internal/open_resource_discovery/ord_document.go:172.97,174.5 1 1
github.com/kyma-incubator/compass/components/director/internal/open_resource_discovery/ord_document.go:175.24,176.40 1 1
github.com/kyma-incubator/compass/components/director/internal/open_resource_discovery/ord_document.go:179.5,179.30 1 1
github.com/kyma-incubator/compass/components/director/internal/open_resource_discovery/ord_document.go:176.40,178.6 1 1
github.com/kyma-incubator/compass/components/director/internal/open_resource_discovery/ord_document.go:182.44,183.103 1 1
github.com/kyma-incubator/compass/components/director/internal/open_resource_discovery/ord_document.go:186.4,186.26 1 1
github.com/kyma-incubator/compass/components/director/internal/open_resource_discovery/ord_document.go:183.103,185.5 1 1
github.com/kyma-incubator/compass/components/director/internal/open_resource_discovery/ord_document.go:186.26,187.44 1 1
github.com/kyma-incubator/compass/components/director/internal/open_resource_discovery/ord_document.go:190.5,190.34 1 1
github.com/kyma-incubator/compass/components/director/internal/open_resource_discovery/ord_document.go:187.44,189.6 1 1
github.com/kyma-incubator/compass/components/director/internal/open_resource_discovery/ord_document.go:193.38,194.54 1 1
github.com/kyma-incubator/compass/components/director/internal/open_resource_discovery/ord_document.go:197.4,197.44 1 1
github.com/kyma-incubator/compass/components/director/internal/open_resource_discovery/ord_document.go:200.4,200.34 1 1
github.com/kyma-incubator/compass/components/director/internal/open_resource_discovery/ord_document.go:194.54,196.5 1 1
github.com/kyma-incubator/compass/components/director/internal/open_resource_discovery/ord_document.go:197.44,199.5 1 1
github.com/kyma-incubator/compass/components/director/internal/open_resource_discovery/ord_document.go:202.44,203.60 1 1
github.com/kyma-incubator/compass/components/director/internal/open_resource_discovery/ord_document.go:203.60,205.5 1 1
github.com/kyma-incubator/compass/components/director/internal/open_resource_discovery/ord_document.go:210.27,211.36 1 1
github.com/kyma-incubator/compass/components/director/internal/open_resource_discovery/ord_document.go:222.3,222.40 1 1
github.com/kyma-incubator/compass/components/director/internal/open_resource_discovery/ord_document.go:227.3,227.40 1 1
github.com/kyma-incubator/compass/components/director/internal/open_resource_discovery/ord_document.go:246.3,246.44 1 1
github.com/kyma-incubator/compass/components/director/internal/open_resource_discovery/ord_document.go:211.36,212.91 1 1
github.com/kyma-incubator/compass/components/director/internal/open_resource_discovery/ord_document.go:215.4,216.37 2 1
github.com/kyma-incubator/compass/components/director/internal/open_resource_discovery/ord_document.go:212.91,214.5 1 1
github.com/kyma-incubator/compass/components/director/internal/open_resource_discovery/ord_document.go:216.37,217.86 1 1
github.com/kyma-incubator/compass/components/director/internal/open_resource_discovery/ord_document.go:217.86,219.6 1 1
github.com/kyma-incubator/compass/components/director/internal/open_resource_discovery/ord_document.go:222.40,223.76 1 1
github.com/kyma-incubator/compass/components/director/internal/open_resource_discovery/ord_document.go:223.76,225.5 1 1
github.com/kyma-incubator/compass/components/director/internal/open_resource_discovery/ord_document.go:227.40,228.65 1 1
github.com/kyma-incubator/compass/components/director/internal/open_resource_discovery/ord_document.go:231.4,231.43 1 1
github.com/kyma-incubator/compass/components/director/internal/open_resource_discovery/ord_document.go:239.4,240.37 2 1
github.com/kyma-incubator/compass/components/director/internal/open_resource_discovery/ord_document.go:228.65,230.5 1 1
github.com/kyma-incubator/compass/components/director/internal/open_resource_discovery/ord_document.go:231.43,232.61 1 1
github.com/kyma-incubator/compass/components/director/internal/open_resource_discovery/ord_document.go:232.61,233.44 1 1
github.com/kyma-incubator/compass/components/director/internal/open_resource_discovery/ord_document.go:233.44,235.7 1 1
github.com/kyma-incubator/compass/components/director/internal/open_resource_discovery/ord_document.go:240.37,241.86 1 1
github.com/kyma-incubator/compass/components/director/internal/open_resource_discovery/ord_document.go:241.86,243.6 1 1
github.com/kyma-incubator/compass/components/director/internal/open_resource_discovery/ord_document.go:246.44,247.69 1 1
github.com/kyma-incubator/compass/components/director/internal/open_resource_discovery/ord_document.go:250.4,250.45 1 1
github.com/kyma-incubator/compass/components/director/internal/open_resource_discovery/ord_document.go:258.4,259.37 2 1
github.com/kyma-incubator/compass/components/director/internal/open_resource_discovery/ord_document.go:247.69,249.5 1 1
github.com/kyma-incubator/compass/components/director/internal/open_resource_discovery/ord_document.go:250.45,251.65 1 1
github.com/kyma-incubator/compass/components/director/internal/open_resource_discovery/ord_document.go:251.65,252.46 1 1
github.com/kyma-incubator/compass/components/director/internal/open_resource_discovery/ord_document.go:252.46,254.7 1 1
github.com/kyma-incubator/compass/components/director/internal/open_resource_discovery/ord_document.go:259.37,260.86 1 1
github.com/kyma-incubator/compass/components/director/internal/open_resource_discovery/ord_document.go:260.86,262.6 1 1
github.com/kyma-incubator/compass/components/director/internal/open_resource_discovery/ord_document.go:274.54,278.27 2 1
github.com/kyma-incubator/compass/components/director/internal/open_resource_discovery/ord_document.go:334.2,335.27 2 1
github.com/kyma-incubator/compass/components/director/internal/open_resource_discovery/ord_document.go:341.2,341.27 1 1
github.com/kyma-incubator/compass/components/director/internal/open_resource_discovery/ord_document.go:393.2,393.12 1 1
github.com/kyma-incubator/compass/components/director/internal/open_resource_discovery/ord_document.go:278.27,279.36 1 1
github.com/kyma-incubator/compass/components/director/internal/open_resource_discovery/ord_document.go:288.3,288.47 1 1
github.com/kyma-incubator/compass/components/director/internal/open_resource_discovery/ord_document.go:297.3,297.40 1 1
github.com/kyma-incubator/compass/components/director/internal/open_resource_discovery/ord_document.go:318.3,318.44 1 1
github.com/kyma-incubator/compass/components/director/internal/open_resource_discovery/ord_document.go:279.36,280.103 1 1
github.com/kyma-incubator/compass/components/director/internal/open_resource_discovery/ord_document.go:283.4,283.89 1 1
github.com/kyma-incubator/compass/components/director/internal/open_resource_discovery/ord_document.go:280.103,282.5 1 0
github.com/kyma-incubator/compass/components/director/internal/open_resource_discovery/ord_document.go:283.89,285.5 1 0
github.com/kyma-incubator/compass/components/director/internal/open_resource_discovery/ord_document.go:288.47,289.91 1 1
github.com/kyma-incubator/compass/components/director/internal/open_resource_discovery/ord_document.go:292.4,292.145 1 1
github.com/kyma-incubator/compass/components/director/internal/open_resource_discovery/ord_document.go:289.91,291.5 1 0
github.com/kyma-incubator/compass/components/director/internal/open_resource_discovery/ord_document.go:292.145,294.5 1 0
github.com/kyma-incubator/compass/components/director/internal/open_resource_discovery/ord_document.go:297.40,298.55 1 1
github.com/kyma-incubator/compass/components/director/internal/open_resource_discovery/ord_document.go:303.4,303.111 1 1
github.com/kyma-incubator/compass/components/director/internal/open_resource_discovery/ord_document.go:306.4,306.89 1 1
github.com/kyma-incubator/compass/components/director/internal/open_resource_discovery/ord_document.go:309.4,309.111 1 1
github.com/kyma-incubator/compass/components/director/internal/open_resource_discovery/ord_document.go:312.4,312.97 1 1
github.com/kyma-incubator/compass/components/director/internal/open_resource_discovery/ord_document.go:315.4,315.66 1 1
github.com/kyma-incubator/compass/components/director/internal/open_resource_discovery/ord_document.go:298.55,299.39 1 1
github.com/kyma-incubator/compass/components/director/internal/open_resource_discovery/ord_document.go:299.39,301.6 1 1
github.com/kyma-incubator/compass/components/director/internal/open_resource_discovery/ord_document.go:303.111,305.5 1 0
github.com/kyma-incubator/compass/components/director/internal/open_resource_discovery/ord_document.go:306.89,308.5 1 0
github.com/kyma-incubator/compass/components/director/internal/open_resource_discovery/ord_document.go:309.111,311.5 1 0
github.com/kyma-incubator/compass/components/director/internal/open_resource_discovery/ord_document.go:312.97,314.5 1 0
github.com/kyma-incubator/compass/components/director/internal/open_resource_discovery/ord_document.go:318.44,319.115 1 1
github.com/kyma-incubator/compass/components/director/internal/open_resource_discovery/ord_document.go:322.4,322.93 1 1
github.com/kyma-incubator/compass/components/director/internal/open_resource_discovery/ord_document.go:325.4,325.57 1 1
github.com/kyma-incubator/compass/components/director/internal/open_resource_discovery/ord_document.go:319.115,321.5 1 0
github.com/kyma-incubator/compass/components/director/internal/open_resource_discovery/ord_document.go:322.93,324.5 1 0
github.com/kyma-incubator/compass/components/director/internal/open_resource_discovery/ord_document.go:325.57,326.39 1 1
github.com/kyma-incubator/compass/components/director/internal/open_resource_discovery/ord_document.go:326.39,328.6 1 1
github.com/kyma-incubator/compass/components/director/internal/open_resource_discovery/ord_document.go:335.27,336.36 1 1
github.com/kyma-incubator/compass/components/director/internal/open_resource_discovery/ord_document.go:336.36,338.4 1 1
github.com/kyma-incubator/compass/components/director/internal/open_resource_discovery/ord_document.go:341.27,342.40 1 1
github.com/kyma-incubator/compass/components/director/internal/open_resource_discovery/ord_document.go:367.3,367.44 1 1
github.com/kyma-incubator/compass/components/director/internal/open_resource_discovery/ord_document.go:342.40,344.11 2 1
github.com/kyma-incubator/compass/components/director/internal/open_resource_discovery/ord_document.go:347.4,347.118 1 1
github.com/kyma-incubator/compass/components/director/internal/open_resource_discovery/ord_document.go:350.4,350.88 1 1
github.com/kyma-incubator/compass/components/director/internal/open_resource_discovery/ord_document.go:353.4,353.103 1 1
github.com/kyma-incubator/compass/components/director/internal/open_resource_discovery/ord_document.go:356.4,356.100 1 1
github.com/kyma-incubator/compass/components/director/internal/open_resource_discovery/ord_document.go:359.4,359.118 1 1
github.com/kyma-incubator/compass/components/director/internal/open_resource_discovery/ord_document.go:362.4,362.84 1 1
github.com/kyma-incubator/compass/components/director/internal/open_resource_discovery/ord_document.go:365.4,365.81 1 1
github.com/kyma-incubator/compass/components/director/internal/open_resource_discovery/ord_document.go:344.11,346.5 1 0
github.com/kyma-incubator/compass/components/director/internal/open_resource_discovery/ord_document.go:347.118,349.5 1 0
github.com/kyma-incubator/compass/components/director/internal/open_resource_discovery/ord_document.go:350.88,352.5 1 0
github.com/kyma-incubator/compass/components/director/internal/open_resource_discovery/ord_document.go:353.103,355.5 1 0
github.com/kyma-incubator/compass/components/director/internal/open_resource_discovery/ord_document.go:356.100,358.5 1 0
github.com/kyma-incubator/compass/components/director/internal/open_resource_discovery/ord_document.go:359.118,361.5 1 0
github.com/kyma-incubator/compass/components/director/internal/open_resource_discovery/ord_document.go:362.84,364.5 1 0
github.com/kyma-incubator/compass/components/director/internal/open_resource_discovery/ord_document.go:367.44,369.11 2 1
github.com/kyma-incubator/compass/components/director/internal/open_resource_discovery/ord_document.go:372.4,372.122 1 1
github.com/kyma-incubator/compass/components/director/internal/open_resource_discovery/ord_document.go:375.4,375.92 1 1
github.com/kyma-incubator/compass/components/director/internal/open_resource_discovery/ord_document.go:378.4,378.107 1 1
github.com/kyma-incubator/compass/components/director/internal/open_resource_discovery/ord_document.go:381.4,381.104 1 1
github.com/kyma-incubator/compass/components/director/internal/open_resource_discovery/ord_document.go:384.4,384.122 1 1
github.com/kyma-incubator/compass/components/director/internal/open_resource_discovery/ord_document.go:387.4,387.88 1 1
github.com/kyma-incubator/compass/components/director/internal/open_resource_discovery/ord_document.go:369.11,371.5 1 0
github.com/kyma-incubator/compass/components/director/internal/open_resource_discovery/ord_document.go:372.122,374.5 1 0
github.com/kyma-incubator/compass/components/director/internal/open_resource_discovery/ord_document.go:375.92,377.5 1 0
github.com/kyma-incubator/compass/components/director/internal/open_resource_discovery/ord_document.go:378.107,380.5 1 0
github.com/kyma-incubator/compass/components/director/internal/open_resource_discovery/ord_document.go:381.104,383.5 1 0
github.com/kyma-incubator/compass/components/director/internal/open_resource_discovery/ord_document.go:384.122,386.5 1 0
github.com/kyma-incubator/compass/components/director/internal/open_resource_discovery/ord_document.go:387.88,389.5 1 0
github.com/kyma-incubator/compass/components/director/internal/open_resource_discovery/ord_document.go:397.80,398.23 1 1
github.com/kyma-incubator/compass/components/director/internal/open_resource_discovery/ord_document.go:401.2,403.60 3 1
github.com/kyma-incubator/compass/components/director/internal/open_resource_discovery/ord_document.go:407.2,410.31 3 1
github.com/kyma-incubator/compass/components/director/internal/open_resource_discovery/ord_document.go:421.2,421.31 1 1
github.com/kyma-incubator/compass/components/director/internal/open_resource_discovery/ord_document.go:425.2,426.31 2 1
github.com/kyma-incubator/compass/components/director/internal/open_resource_discovery/ord_document.go:430.2,430.29 1 1
github.com/kyma-incubator/compass/components/director/internal/open_resource_discovery/ord_document.go:398.23,400.3 1 0
github.com/kyma-incubator/compass/components/director/internal/open_resource_discovery/ord_document.go:403.60,405.3 1 0
github.com/kyma-incubator/compass/components/director/internal/open_resource_discovery/ord_document.go:410.31,411.34 1 1
github.com/kyma-incubator/compass/components/director/internal/open_resource_discovery/ord_document.go:411.34,413.18 2 1
github.com/kyma-incubator/compass/components/director/internal/open_resource_discovery/ord_document.go:416.4,417.25 2 1
github.com/kyma-incubator/compass/components/director/internal/open_resource_discovery/ord_document.go:413.18,415.5 1 0
github.com/kyma-incubator/compass/components/director/internal/open_resource_discovery/ord_document.go:421.31,423.3 1 0
github.com/kyma-incubator/compass/components/director/internal/open_resource_discovery/ord_document.go:426.31,428.3 1 1
github.com/kyma-incubator/compass/components/director/internal/open_resource_discovery/ord_document.go:434.84,435.20 1 1
github.com/kyma-incubator/compass/components/director/internal/open_resource_discovery/ord_document.go:438.2,440.52 3 1
github.com/kyma-incubator/compass/components/director/internal/open_resource_discovery/ord_document.go:443.2,445.35 3 1
github.com/kyma-incubator/compass/components/director/internal/open_resource_discovery/ord_document.go:451.2,452.29 2 1
github.com/kyma-incubator/compass/components/director/internal/open_resource_discovery/ord_document.go:435.20,437.3 1 0
github.com/kyma-incubator/compass/components/director/internal/open_resource_discovery/ord_document.go:440.52,442.3 1 0
github.com/kyma-incubator/compass/components/director/internal/open_resource_discovery/ord_document.go:445.35,446.30 1 1
github.com/kyma-incubator/compass/components/director/internal/open_resource_discovery/ord_document.go:449.3,449.39 1 1
github.com/kyma-incubator/compass/components/director/internal/open_resource_discovery/ord_document.go:446.30,448.4 1 0
github.com/kyma-incubator/compass/components/director/internal/open_resource_discovery/ord_document.go:455.59,456.81 1 1
github.com/kyma-incubator/compass/components/director/internal/open_resource_discovery/ord_document.go:460.2,460.94 1 1
[...]
github.com/kyma-incubator/compass/components/director/internal/open_resource_discovery/service.go:419.2,420.12 2 1
github.com/kyma-incubator/compass/components/director/internal/open_resource_discovery/service.go:414.68,416.3 1 1
github.com/kyma-incubator/compass/components/director/internal/open_resource_discovery/service.go:416.12,418.3 1 1
github.com/kyma-incubator/compass/components/director/internal/open_resource_discovery/service.go:423.135,425.69 2 1
github.com/kyma-incubator/compass/components/director/internal/open_resource_discovery/service.go:430.2,431.12 2 1
github.com/kyma-incubator/compass/components/director/internal/open_resource_discovery/service.go:425.69,427.3 1 1
github.com/kyma-incubator/compass/components/director/internal/open_resource_discovery/service.go:427.12,429.3 1 1
github.com/kyma-incubator/compass/components/director/internal/open_resource_discovery/service.go:434.130,436.68 2 1
github.com/kyma-incubator/compass/components/director/internal/open_resource_discovery/service.go:441.2,442.12 2 1
github.com/kyma-incubator/compass/components/director/internal/open_resource_discovery/service.go:436.68,438.3 1 1
github.com/kyma-incubator/compass/components/director/internal/open_resource_discovery/service.go:438.12,440.3 1 1
github.com/kyma-incubator/compass/components/director/internal/open_resource_discovery/service.go:445.215,447.67 2 1
github.com/kyma-incubator/compass/components/director/internal/open_resource_discovery/service.go:451.2,455.69 4 1
github.com/kyma-incubator/compass/components/director/internal/open_resource_discovery/service.go:461.2,462.54 2 1
github.com/kyma-incubator/compass/components/director/internal/open_resource_discovery/service.go:466.2,466.17 1 1
github.com/kyma-incubator/compass/components/director/internal/open_resource_discovery/service.go:471.2,472.16 2 1
github.com/kyma-incubator/compass/components/director/internal/open_resource_discovery/service.go:477.2,482.210 3 1
github.com/kyma-incubator/compass/components/director/internal/open_resource_discovery/service.go:485.2,485.59 1 1
github.com/kyma-incubator/compass/components/director/internal/open_resource_discovery/service.go:494.2,494.12 1 1
github.com/kyma-incubator/compass/components/director/internal/open_resource_discovery/service.go:447.67,449.3 1 1
github.com/kyma-incubator/compass/components/director/internal/open_resource_discovery/service.go:455.69,457.3 1 1
github.com/kyma-incubator/compass/components/director/internal/open_resource_discovery/service.go:457.12,459.3 1 1
github.com/kyma-incubator/compass/components/director/internal/open_resource_discovery/service.go:462.54,464.3 1 1
github.com/kyma-incubator/compass/components/director/internal/open_resource_discovery/service.go:466.17,469.3 2 1
github.com/kyma-incubator/compass/components/director/internal/open_resource_discovery/service.go:472.16,474.3 1 1
github.com/kyma-incubator/compass/components/director/internal/open_resource_discovery/service.go:482.210,484.3 1 1
github.com/kyma-incubator/compass/components/director/internal/open_resource_discovery/service.go:485.59,486.93 1 1
github.com/kyma-incubator/compass/components/director/internal/open_resource_discovery/service.go:486.93,488.4 1 1
github.com/kyma-incubator/compass/components/director/internal/open_resource_discovery/service.go:489.8,490.93 1 1
github.com/kyma-incubator/compass/components/director/internal/open_resource_discovery/service.go:490.93,492.4 1 1
github.com/kyma-incubator/compass/components/director/internal/open_resource_discovery/service.go:497.227,499.71 2 1
github.com/kyma-incubator/compass/components/director/internal/open_resource_discovery/service.go:503.2,506.52 3 1
github.com/kyma-incubator/compass/components/director/internal/open_resource_discovery/service.go:514.2,515.69 2 1
github.com/kyma-incubator/compass/components/director/internal/open_resource_discovery/service.go:521.2,522.56 2 1
github.com/kyma-incubator/compass/components/director/internal/open_resource_discovery/service.go:526.2,526.19 1 1
github.com/kyma-incubator/compass/components/director/internal/open_resource_discovery/service.go:531.2,532.16 2 1
github.com/kyma-incubator/compass/components/director/internal/open_resource_discovery/service.go:537.2,538.42 2 1
github.com/kyma-incubator/compass/components/director/internal/open_resource_discovery/service.go:547.2,548.50 2 1
github.com/kyma-incubator/compass/components/director/internal/open_resource_discovery/service.go:556.2,556.205 1 1
github.com/kyma-incubator/compass/components/director/internal/open_resource_discovery/service.go:559.2,559.63 1 1
github.com/kyma-incubator/compass/components/director/internal/open_resource_discovery/service.go:568.2,568.12 1 1
github.com/kyma-incubator/compass/components/director/internal/open_resource_discovery/service.go:499.71,501.3 1 1
github.com/kyma-incubator/compass/components/director/internal/open_resource_discovery/service.go:506.52,507.38 1 1
github.com/kyma-incubator/compass/components/director/internal/open_resource_discovery/service.go:507.38,508.49 1 1
github.com/kyma-incubator/compass/components/director/internal/open_resource_discovery/service.go:508.49,510.5 1 1
github.com/kyma-incubator/compass/components/director/internal/open_resource_discovery/service.go:515.69,517.3 1 1
github.com/kyma-incubator/compass/components/director/internal/open_resource_discovery/service.go:517.12,519.3 1 1
github.com/kyma-incubator/compass/components/director/internal/open_resource_discovery/service.go:522.56,524.3 1 1
github.com/kyma-incubator/compass/components/director/internal/open_resource_discovery/service.go:526.19,529.3 2 1
github.com/kyma-incubator/compass/components/director/internal/open_resource_discovery/service.go:532.16,534.3 1 1
github.com/kyma-incubator/compass/components/director/internal/open_resource_discovery/service.go:538.42,539.84 1 1
github.com/kyma-incubator/compass/components/director/internal/open_resource_discovery/service.go:539.84,541.4 1 1
github.com/kyma-incubator/compass/components/director/internal/open_resource_discovery/service.go:541.14,543.4 1 0
github.com/kyma-incubator/compass/components/director/internal/open_resource_discovery/service.go:548.50,549.76 1 1
github.com/kyma-incubator/compass/components/director/internal/open_resource_discovery/service.go:549.76,551.4 1 1
github.com/kyma-incubator/compass/components/director/internal/open_resource_discovery/service.go:551.14,553.4 1 0
github.com/kyma-incubator/compass/components/director/internal/open_resource_discovery/service.go:556.205,558.3 1 1
github.com/kyma-incubator/compass/components/director/internal/open_resource_discovery/service.go:559.63,560.97 1 1
github.com/kyma-incubator/compass/components/director/internal/open_resource_discovery/service.go:560.97,562.4 1 1
github.com/kyma-incubator/compass/components/director/internal/open_resource_discovery/service.go:563.8,564.97 1 1
github.com/kyma-incubator/compass/components/director/internal/open_resource_discovery/service.go:564.97,566.4 1 1
github.com/kyma-incubator/compass/components/director/internal/open_resource_discovery/service.go:571.143,572.87 1 1
github.com/kyma-incubator/compass/components/director/internal/open_resource_discovery/service.go:575.2,575.29 1 1
github.com/kyma-incubator/compass/components/director/internal/open_resource_discovery/service.go:583.2,583.12 1 1
github.com/kyma-incubator/compass/components/director/internal/open_resource_discovery/service.go:572.87,574.3 1 1
github.com/kyma-incubator/compass/components/director/internal/open_resource_discovery/service.go:575.29,576.18 1 1
github.com/kyma-incubator/compass/components/director/internal/open_resource_discovery/service.go:579.3,579.98 1 1
github.com/kyma-incubator/compass/components/director/internal/open_resource_discovery/service.go:576.18,577.12 1 0
github.com/kyma-incubator/compass/components/director/internal/open_resource_discovery/service.go:579.98,581.4 1 1
github.com/kyma-incubator/compass/components/director/internal/open_resource_discovery/service.go:586.145,587.71 1 1
github.com/kyma-incubator/compass/components/director/internal/open_resource_discovery/service.go:592.2,593.12 2 1
github.com/kyma-incubator/compass/components/director/internal/open_resource_discovery/service.go:587.71,589.3 1 1
github.com/kyma-incubator/compass/components/director/internal/open_resource_discovery/service.go:589.12,591.3 1 1
github.com/kyma-incubator/compass/components/director/internal/open_resource_discovery/service.go:596.124,598.16 2 1
github.com/kyma-incubator/compass/components/director/internal/open_resource_discovery/service.go:601.2,601.35 1 1
github.com/kyma-incubator/compass/components/director/internal/open_resource_discovery/service.go:612.2,612.12 1 1
github.com/kyma-incubator/compass/components/director/internal/open_resource_discovery/service.go:598.16,600.3 1 1
github.com/kyma-incubator/compass/components/director/internal/open_resource_discovery/service.go:601.35,603.17 2 1
github.com/kyma-incubator/compass/components/director/internal/open_resource_discovery/service.go:606.3,606.89 1 1
github.com/kyma-incubator/compass/components/director/internal/open_resource_discovery/service.go:603.17,605.4 1 1
github.com/kyma-incubator/compass/components/director/internal/open_resource_discovery/service.go:606.89,607.77 1 1
github.com/kyma-incubator/compass/components/director/internal/open_resource_discovery/service.go:607.77,609.5 1 1
github.com/kyma-incubator/compass/components/director/internal/open_resource_discovery/service.go:615.113,617.16 2 1
github.com/kyma-incubator/compass/components/director/internal/open_resource_discovery/service.go:621.2,623.33 2 1
github.com/kyma-incubator/compass/components/director/internal/open_resource_discovery/service.go:628.2,628.27 1 1
github.com/kyma-incubator/compass/components/director/internal/open_resource_discovery/service.go:617.16,619.3 1 1
github.com/kyma-incubator/compass/components/director/internal/open_resource_discovery/service.go:623.33,626.3 2 1
github.com/kyma-incubator/compass/components/director/internal/open_resource_discovery/service.go:631.109,633.16 2 1
github.com/kyma-incubator/compass/components/director/internal/open_resource_discovery/service.go:637.2,639.37 2 1
github.com/kyma-incubator/compass/components/director/internal/open_resource_discovery/service.go:643.2,643.31 1 1
github.com/kyma-incubator/compass/components/director/internal/open_resource_discovery/service.go:633.16,635.3 1 0
github.com/kyma-incubator/compass/components/director/internal/open_resource_discovery/service.go:639.37,641.3 1 1
github.com/kyma-incubator/compass/components/director/internal/open_resource_discovery/service.go:646.117,648.16 2 1
github.com/kyma-incubator/compass/components/director/internal/open_resource_discovery/service.go:652.2,654.37 2 1
github.com/kyma-incubator/compass/components/director/internal/open_resource_discovery/service.go:659.2,659.29 1 1
github.com/kyma-incubator/compass/components/director/internal/open_resource_discovery/service.go:648.16,650.3 1 1
github.com/kyma-incubator/compass/components/director/internal/open_resource_discovery/service.go:654.37,657.3 2 1
github.com/kyma-incubator/compass/components/director/internal/open_resource_discovery/service.go:662.172,664.16 2 1
github.com/kyma-incubator/compass/components/director/internal/open_resource_discovery/service.go:668.2,669.16 2 1
github.com/kyma-incubator/compass/components/director/internal/open_resource_discovery/service.go:673.2,674.16 2 1
github.com/kyma-incubator/compass/components/director/internal/open_resource_discovery/service.go:678.2,678.63 1 1
github.com/kyma-incubator/compass/components/director/internal/open_resource_discovery/service.go:664.16,666.3 1 1
github.com/kyma-incubator/compass/components/director/internal/open_resource_discovery/service.go:669.16,671.3 1 1
github.com/kyma-incubator/compass/components/director/internal/open_resource_discovery/service.go:674.16,676.3 1 0
github.com/kyma-incubator/compass/components/director/internal/open_resource_discovery/service.go:681.190,686.82 4 1
github.com/kyma-incubator/compass/components/director/internal/open_resource_discovery/service.go:694.2,694.24 1 1
github.com/kyma-incubator/compass/components/director/internal/open_resource_discovery/service.go:703.2,703.12 1 1
github.com/kyma-incubator/compass/components/director/internal/open_resource_discovery/service.go:686.82,689.17 3 1
github.com/kyma-incubator/compass/components/director/internal/open_resource_discovery/service.go:689.17,691.4 1 1
github.com/kyma-incubator/compass/components/director/internal/open_resource_discovery/service.go:694.24,696.99 2 1
github.com/kyma-incubator/compass/components/director/internal/open_resource_discovery/service.go:696.99,698.4 1 1
github.com/kyma-incubator/compass/components/director/internal/open_resource_discovery/service.go:698.9,701.4 2 1
github.com/kyma-incubator/compass/components/director/internal/open_resource_discovery/service.go:706.88,708.16 2 1
github.com/kyma-incubator/compass/components/director/internal/open_resource_discovery/service.go:711.2,715.16 4 1
github.com/kyma-incubator/compass/components/director/internal/open_resource_discovery/service.go:720.2,720.36 1 1
github.com/kyma-incubator/compass/components/director/internal/open_resource_discovery/service.go:724.2,724.25 1 1
github.com/kyma-incubator/compass/components/director/internal/open_resource_discovery/service.go:708.16,710.3 1 1
github.com/kyma-incubator/compass/components/director/internal/open_resource_discovery/service.go:715.16,718.3 2 1
github.com/kyma-incubator/compass/components/director/internal/open_resource_discovery/service.go:720.36,722.3 1 0
github.com/kyma-incubator/compass/components/director/internal/open_resource_discovery/service.go:726.99,728.16 2 1
github.com/kyma-incubator/compass/components/director/internal/open_resource_discovery/service.go:732.2,733.16 2 1
github.com/kyma-incubator/compass/components/director/internal/open_resource_discovery/service.go:737.2,739.17 2 1
github.com/kyma-incubator/compass/components/director/internal/open_resource_discovery/service.go:728.16,730.3 1 1
github.com/kyma-incubator/compass/components/director/internal/open_resource_discovery/service.go:733.16,735.3 1 1
github.com/kyma-incubator/compass/components/director/internal/open_resource_discovery/service.go:741.63,744.27 2 1
github.com/kyma-incubator/compass/components/director/internal/open_resource_discovery/service.go:788.2,788.28 1 1
github.com/kyma-incubator/compass/components/director/internal/open_resource_discovery/service.go:744.27,745.45 1 1
github.com/kyma-incubator/compass/components/director/internal/open_resource_discovery/service.go:759.3,759.49 1 1
github.com/kyma-incubator/compass/components/director/internal/open_resource_discovery/service.go:773.3,773.45 1 1
github.com/kyma-incubator/compass/components/director/internal/open_resource_discovery/service.go:745.45,747.18 2 1
github.com/kyma-incubator/compass/components/director/internal/open_resource_discovery/service.go:751.4,752.18 2 1
github.com/kyma-incubator/compass/components/director/internal/open_resource_discovery/service.go:756.4,756.58 1 1
github.com/kyma-incubator/compass/components/director/internal/open_resource_discovery/service.go:747.18,749.5 1 0
github.com/kyma-incubator/compass/components/director/internal/open_resource_discovery/service.go:752.18,754.5 1 0
github.com/kyma-incubator/compass/components/director/internal/open_resource_discovery/service.go:759.49,761.18 2 1
github.com/kyma-incubator/compass/components/director/internal/open_resource_discovery/service.go:765.4,766.18 2 1
github.com/kyma-incubator/compass/components/director/internal/open_resource_discovery/service.go:770.4,770.60 1 1
github.com/kyma-incubator/compass/components/director/internal/open_resource_discovery/service.go:761.18,763.5 1 0
github.com/kyma-incubator/compass/components/director/internal/open_resource_discovery/service.go:766.18,768.5 1 0
github.com/kyma-incubator/compass/components/director/internal/open_resource_discovery/service.go:773.45,775.18 2 1
github.com/kyma-incubator/compass/components/director/internal/open_resource_discovery/service.go:779.4,780.18 2 1
github.com/kyma-incubator/compass/components/director/internal/open_resource_discovery/service.go:784.4,784.45 1 1
github.com/kyma-incubator/compass/components/director/internal/open_resource_discovery/service.go:775.18,777.5 1 0
github.com/kyma-incubator/compass/components/director/internal/open_resource_discovery/service.go:780.18,782.5 1 0
github.com/kyma-incubator/compass/components/director/internal/open_resource_discovery/service.go:791.91,805.2 1 1
github.com/kyma-incubator/compass/components/director/internal/open_resource_discovery/service.go:808.110,810.37 2 1
github.com/kyma-incubator/compass/components/director/internal/open_resource_discovery/service.go:814.2,814.37 1 0
github.com/kyma-incubator/compass/components/director/internal/open_resource_discovery/service.go:820.2,820.17 1 0
github.com/kyma-incubator/compass/components/director/internal/open_resource_discovery/service.go:810.37,812.3 1 1
github.com/kyma-incubator/compass/components/director/internal/open_resource_discovery/service.go:814.37,815.57 1 0
github.com/kyma-incubator/compass/components/director/internal/open_resource_discovery/service.go:815.57,817.9 2 0
github.com/kyma-incubator/compass/components/director/internal/open_resource_discovery/service.go:823.118,826.50 3 1
github.com/kyma-incubator/compass/components/director/internal/open_resource_discovery/service.go:837.2,837.34 1 1
github.com/kyma-incubator/compass/components/director/internal/open_resource_discovery/service.go:826.50,827.38 1 1
github.com/kyma-incubator/compass/components/director/internal/open_resource_discovery/service.go:827.38,828.49 1 1
github.com/kyma-incubator/compass/components/director/internal/open_resource_discovery/service.go:828.49,829.56 1 1
github.com/kyma-incubator/compass/components/director/internal/open_resource_discovery/service.go:829.56,831.6 1 1
github.com/kyma-incubator/compass/components/director/internal/open_resource_discovery/service.go:831.11,833.6 1 1
github.com/kyma-incubator/compass/components/director/internal/open_resource_discovery/service.go:840.136,842.67 2 1
github.com/kyma-incubator/compass/components/director/internal/open_resource_discovery/service.go:850.2,850.45 1 1
github.com/kyma-incubator/compass/components/director/internal/open_resource_discovery/service.go:842.67,843.74 1 1
github.com/kyma-incubator/compass/components/director/internal/open_resource_discovery/service.go:843.74,845.4 1 1
github.com/kyma-incubator/compass/components/director/internal/open_resource_discovery/service.go:845.14,848.4 2 0
github.com/kyma-incubator/compass/components/director/internal/open_resource_discovery/service.go:853.124,856.44 2 1
github.com/kyma-incubator/compass/components/director/internal/open_resource_discovery/service.go:862.2,862.29 1 1
github.com/kyma-incubator/compass/components/director/internal/open_resource_discovery/service.go:856.44,857.54 1 1
github.com/kyma-incubator/compass/components/director/internal/open_resource_discovery/service.go:857.54,859.4 1 0
github.com/kyma-incubator/compass/components/director/internal/open_resource_discovery/service.go:865.47,867.2 1 1
github.com/kyma-incubator/compass/components/director/internal/open_resource_discovery/service.go:869.64,870.30 1 1
github.com/kyma-incubator/compass/components/director/internal/open_resource_discovery/service.go:875.2,875.18 1 1
github.com/kyma-incubator/compass/components/director/internal/open_resource_discovery/service.go:870.30,871.11 1 1
github.com/kyma-incubator/compass/components/director/internal/open_resource_discovery/service.go:871.11,873.4 1 1
github.com/kyma-incubator/compass/components/director/internal/open_resource_discovery/service.go:878.90,882.2 3 1
